<?xml version="1.0" encoding="UTF-8"?>
<!-- Generated by org.testng.reporters.JUnitReportReporter -->
<testsuite hostname="Muhammad-Abdullah-Sheikhs-MacBook-Pro.local" failures="0" tests="1" name="mumzworld.tests.ProductSearchToCheckoutTest" time="334.718" errors="0" timestamp="2024-11-11T02:24:42 PKT" skipped="0">
  <testcase classname="mumzworld.tests.ProductSearchToCheckoutTest" name="verify_ProductSearchToCheckoutTest" time="334.718"/>
</testsuite> <!-- mumzworld.tests.ProductSearchToCheckoutTest -->
